<?xml version="1.0" encoding="UTF-8"?>
<!-- Generated by org.testng.reporters.JUnitXMLReporter -->
<testsuite ignored="0" hostname="DESKTOP-GAB07FU" failures="1" tests="1" name="Test" time="7.937" errors="0" timestamp="2022-07-04T20:03:40 CDT">
  <testcase classname="com.Autotest.LoadTest01" name="verifySearchButton" time="4.4">
    <failure type="java.lang.AssertionError" message="Text not found! expected [Buscar con Googl] but found [Buscar con Google]">
      <![CDATA[java.lang.AssertionError: Text not found! expected [Buscar con Googl] but found [Buscar con Google]
at com.Autotest.LoadTest01.verifySearchButton(LoadTest01.java:54)
at java.base/java.util.ArrayList.forEach(ArrayList.java:1511)
... Removed 30 stack frames]]>
    </failure>
  </testcase> <!-- verifySearchButton -->
</testsuite> <!-- Test -->
